<?xml version="1.0" encoding="UTF-8"?>
<robot generator="Robot 5.0.1 (Python 3.10.2 on win32)" generated="20220523 03:10:28.701" rpa="false" schemaversion="3">
<suite id="s1" name="JSON API Placeholder" source="C:\Users\Kaila\OneDrive\Desktop\TruTrace UseCase\Test_Suites\JSON_API_Placeholder.robot">
<kw name="Begin Session" library="posts" type="SETUP">
<arg>${API_URL}</arg>
<kw name="Create Session" library="RequestsLibrary">
<arg>mysession</arg>
<arg>${url}</arg>
<arg>verify=true</arg>
<doc>Create Session: create a HTTP session to a server</doc>
<msg timestamp="20220523 03:10:29.226" level="INFO">Creating Session using : alias=mysession, url=https://jsonplaceholder.typicode.com, headers={},                     cookies={}, auth=None, timeout=None, proxies=None, verify=True,                     debug=0 </msg>
<status status="PASS" starttime="20220523 03:10:29.226" endtime="20220523 03:10:29.227"/>
</kw>
<status status="PASS" starttime="20220523 03:10:29.226" endtime="20220523 03:10:29.227"/>
</kw>
<test id="s1-t1" name="Send GET Request To Posts EndPoint" line="12">
<kw name="Do a GET" library="posts">
<var>${response}</var>
<arg>/posts</arg>
<doc>Performs Get Request on given EndPoint</doc>
<if>
<branch type="IF" condition="${path} == None">
<if>
<branch type="IF" condition="&quot;${query}&quot; == None">
<kw name="GET On Session" library="RequestsLibrary">
<var>${response}</var>
<arg>mysession</arg>
<arg>${uri}</arg>
<doc>Sends a GET request on a previously created HTTP Session.</doc>
<status status="NOT RUN" starttime="20220523 03:10:29.229" endtime="20220523 03:10:29.229"/>
</kw>
<status status="NOT RUN" starttime="20220523 03:10:29.229" endtime="20220523 03:10:29.229"/>
</branch>
<branch type="ELSE">
<kw name="GET On Session" library="RequestsLibrary">
<var>${response}</var>
<arg>mysession</arg>
<arg>${uri}</arg>
<arg>params=${query}</arg>
<doc>Sends a GET request on a previously created HTTP Session.</doc>
<msg timestamp="20220523 03:10:29.577" level="INFO">GET Request : url=https://jsonplaceholder.typicode.com/posts?None 
 path_url=/posts?None 
 headers={'User-Agent': 'python-requests/2.27.1', 'Accept-Encoding': 'gzip, deflate', 'Accept': '*/*', 'Connection': 'keep-alive'} 
 body=None 
 </msg>
<msg timestamp="20220523 03:10:29.577" level="INFO">GET Response : url=https://jsonplaceholder.typicode.com/posts?None 
 status=200, reason=OK 
 headers={'Date': 'Sun, 22 May 2022 21:40:29 GMT', 'Content-Type': 'application/json; charset=utf-8', 'Transfer-Encoding': 'chunked', 'Connection': 'keep-alive', 'X-Powered-By': 'Express', 'X-Ratelimit-Limit': '1000', 'X-Ratelimit-Remaining': '999', 'X-Ratelimit-Reset': '1653249914', 'Vary': 'Origin, Accept-Encoding', 'Access-Control-Allow-Credentials': 'true', 'Cache-Control': 'max-age=43200', 'Pragma': 'no-cache', 'Expires': '-1', 'X-Content-Type-Options': 'nosniff', 'Etag': 'W/"6b80-Ybsq/K6GwwqrYkAsFxqDXGC7DoM"', 'Content-Encoding': 'gzip', 'Via': '1.1 vegur', 'CF-Cache-Status': 'HIT', 'Age': '5774', 'Expect-CT': 'max-age=604800, report-uri="https://report-uri.cloudflare.com/cdn-cgi/beacon/expect-ct"', 'Report-To': '{"endpoints":[{"url":"https:\\/\\/a.nel.cloudflare.com\\/report\\/v3?s=wmkMrCKNw1YGJqHCfhlco3Pp%2B5rcjcVqYQo6mKw2uqQrglk9ihM8D27wKxOCvbtsq7rBfGSogWsF9d3nKPYWG%2FcwXfTC2avtpCeT8LXdcALuXmcw8k%2BoWxVghbaxq1zRLv4oW6dXA7AQK%2FVdrkzwyz2h3IMzCCKSeAA%2B"}],"group":"cf-nel","max_age":604800}', 'NEL': '{"success_fraction":0,"report_to":"cf-nel","max_age":604800}', 'Server': 'cloudflare', 'CF-RAY': '70f8b5e4eb299380-MAA', 'alt-svc': 'h3=":443"; ma=86400, h3-29=":443"; ma=86400'} 
 body=[
  {
    "userId": 1,
    "id": 1,
    "title": "sunt aut facere repellat provident occaecati excepturi optio reprehenderit",
    "body": "quia et suscipit\nsuscipit recusandae consequuntur expedita et cum\nreprehenderit molestiae ut ut quas totam\nnostrum rerum est autem sunt rem eveniet architecto"
  },
  {
    "userId": 1,
    "id": 2,
    "title": "qui est esse",
    "body": "est rerum tempore vitae\nsequi sint nihil reprehenderit dolor beatae ea dolores neque\nfugiat blanditiis voluptate porro vel nihil molestiae ut reiciendis\nqui aperiam non debitis possimus qui neque nisi nulla"
  },
  {
    "userId": 1,
    "id": 3,
    "title": "ea molestias quasi exercitationem repellat qui ipsa sit aut",
    "body": "et iusto sed quo iure\nvoluptatem occaecati omnis eligendi aut ad\nvoluptatem doloribus vel accusantium quis pariatur\nmolestiae porro eius odio et labore et velit aut"
  },
  {
    "userId": 1,
    "id": 4,
    "title": "eum et est occaecati",
    "body": "ullam et saepe reiciendis voluptatem adipisci\nsit amet autem assumenda provident rerum culpa\nquis hic commodi nesciunt rem tenetur doloremque ipsam iure\nquis sunt voluptatem rerum illo velit"
  },
  {
    "userId": 1,
    "id": 5,
    "title": "nesciunt quas odio",
    "body": "repudiandae veniam quaerat sunt sed\nalias aut fugiat sit autem sed est\nvoluptatem omnis possimus esse voluptatibus quis\nest aut tenetur dolor neque"
  },
  {
    "userId": 1,
    "id": 6,
    "title": "dolorem eum magni eos aperiam quia",
    "body": "ut aspernatur corporis harum nihil quis provident sequi\nmollitia nobis aliquid molestiae\nperspiciatis et ea nemo ab reprehenderit accusantium quas\nvoluptate dolores velit et doloremque molestiae"
  },
  {
    "userId": 1,
    "id": 7,
    "title": "magnam facilis autem",
    "body": "dolore placeat quibusdam ea quo vitae\nmagni quis enim qui quis quo nemo aut saepe\nquidem repellat excepturi ut quia\nsunt ut sequi eos ea sed quas"
  },
  {
    "userId": 1,
    "id": 8,
    "title": "dolorem dolore est ipsam",
    "body": "dignissimos aperiam dolorem qui eum\nfacilis quibusdam animi sint suscipit qui sint possimus cum\nquaerat magni maiores excepturi\nipsam ut commodi dolor voluptatum modi aut vitae"
  },
  {
    "userId": 1,
    "id": 9,
    "title": "nesciunt iure omnis dolorem tempora et accusantium",
    "body": "consectetur animi nesciunt iure dolore\nenim quia ad\nveniam autem ut quam aut nobis\net est aut quod aut provident voluptas autem voluptas"
  },
  {
    "userId": 1,
    "id": 10,
    "title": "optio molestias id quia eum",
    "body": "quo et expedita modi cum officia vel magni\ndoloribus qui repudiandae\nvero nisi sit\nquos veniam quod sed accusamus veritatis error"
  },
  {
    "userId": 2,
    "id": 11,
    "title": "et ea vero quia laudantium autem",
    "body": "delectus reiciendis molestiae occaecati non minima eveniet qui voluptatibus\naccusamus in eum beatae sit\nvel qui neque voluptates ut commodi qui incidunt\nut animi commodi"
  },
  {
    "userId": 2,
    "id": 12,
    "title": "in quibusdam tempore odit est dolorem",
    "body": "itaque id aut magnam\npraesentium quia et ea odit et ea voluptas et\nsapiente quia nihil amet occaecati quia id voluptatem\nincidunt ea est distinctio odio"
  },
  {
    "userId": 2,
    "id": 13,
    "title": "dolorum ut in voluptas mollitia et saepe quo animi",
    "body": "aut dicta possimus sint mollitia voluptas commodi quo doloremque\niste corrupti reiciendis voluptatem eius rerum\nsit cumque quod eligendi laborum minima\nperferendis recusandae assumenda consectetur porro architecto ipsum ipsam"
  },
  {
    "userId": 2,
    "id": 14,
    "title": "voluptatem eligendi optio",
    "body": "fuga et accusamus dolorum perferendis illo voluptas\nnon doloremque neque facere\nad qui dolorum molestiae beatae\nsed aut voluptas totam sit illum"
  },
  {
    "userId": 2,
    "id": 15,
    "title": "eveniet quod temporibus",
    "body": "reprehenderit quos placeat\nvelit minima officia dolores impedit repudiandae molestiae nam\nvoluptas recusandae quis delectus\nofficiis harum fugiat vitae"
  },
  {
    "userId": 2,
    "id": 16,
    "title": "sint suscipit perspiciatis velit dolorum rerum ipsa laboriosam odio",
    "body": "suscipit nam nisi quo aperiam aut\nasperiores eos fugit maiores voluptatibus quia\nvoluptatem quis ullam qui in alias quia est\nconsequatur magni mollitia accusamus ea nisi voluptate dicta"
  },
  {
    "userId": 2,
    "id": 17,
    "title": "fugit voluptas sed molestias voluptatem provident",
    "body": "eos voluptas et aut odit natus earum\naspernatur fuga molestiae ullam\ndeserunt ratione qui eos\nqui nihil ratione nemo velit ut aut id quo"
  },
  {
    "userId": 2,
    "id": 18,
    "title": "voluptate et itaque vero tempora molestiae",
    "body": "eveniet quo quis\nlaborum totam consequatur non dolor\nut et est repudiandae\nest voluptatem vel debitis et magnam"
  },
  {
    "userId": 2,
    "id": 19,
    "title": "adipisci placeat illum aut reiciendis qui",
    "body": "illum quis cupiditate provident sit magnam\nea sed aut omnis\nveniam maiores ullam consequatur atque\nadipisci quo iste expedita sit quos voluptas"
  },
  {
    "userId": 2,
    "id": 20,
    "title": "doloribus ad provident suscipit at",
    "body": "qui consequuntur ducimus possimus quisquam amet similique\nsuscipit porro ipsam amet\neos veritatis officiis exercitationem vel fugit aut necessitatibus totam\nomnis rerum consequatur expedita quidem cumque explicabo"
  },
  {
    "userId": 3,
    "id": 21,
    "title": "asperiores ea ipsam voluptatibus modi minima quia sint",
    "body": "repellat aliquid praesentium dolorem quo\nsed totam minus non itaque\nnihil labore molestiae sunt dolor eveniet hic recusandae veniam\ntempora et tenetur expedita sunt"
  },
  {
    "userId": 3,
    "id": 22,
    "title": "dolor sint quo a velit explicabo quia nam",
    "body": "eos qui et ipsum ipsam suscipit aut\nsed omnis non odio\nexpedita earum mollitia molestiae aut atque rem suscipit\nnam impedit esse"
  },
  {
    "userId": 3,
    "id": 23,
    "title": "maxime id vitae nihil numquam",
    "body": "veritatis unde neque eligendi\nquae quod architecto quo neque vitae\nest illo sit tempora doloremque fugit quod\net et vel beatae sequi ullam sed tenetur perspiciatis"
  },
  {
    "userId": 3,
    "id": 24,
    "title": "autem hic labore sunt dolores incidunt",
    "body": "enim et ex nulla\nomnis voluptas quia qui\nvoluptatem consequatur numquam aliquam sunt\ntotam recusandae id dignissimos aut sed asperiores deserunt"
  },
  {
    "userId": 3,
    "id": 25,
    "title": "rem alias distinctio quo quis",
    "body": "ullam consequatur ut\nomnis quis sit vel consequuntur\nipsa eligendi ipsum molestiae et omnis error nostrum\nmolestiae illo tempore quia et distinctio"
  },
  {
    "userId": 3,
    "id": 26,
    "title": "est et quae odit qui non",
    "body": "similique esse doloribus nihil accusamus\nomnis dolorem fuga consequuntur reprehenderit fugit recusandae temporibus\nperspiciatis cum ut laudantium\nomnis aut molestiae vel vero"
  },
  {
    "userId": 3,
    "id": 27,
    "title": "quasi id et eos tenetur aut quo autem",
    "body": "eum sed dolores ipsam sint possimus debitis occaecati\ndebitis qui qui et\nut placeat enim earum aut odit facilis\nconsequatur suscipit necessitatibus rerum sed inventore temporibus consequatur"
  },
  {
    "userId": 3,
    "id": 28,
    "title": "delectus ullam et corporis nulla voluptas sequi",
    "body": "non et quaerat ex quae ad maiores\nmaiores recusandae totam aut blanditiis mollitia quas illo\nut voluptatibus voluptatem\nsimilique nostrum eum"
  },
  {
    "userId": 3,
    "id": 29,
    "title": "iusto eius quod necessitatibus culpa ea",
    "body": "odit magnam ut saepe sed non qui\ntempora atque nihil\naccusamus illum doloribus illo dolor\neligendi repudiandae odit magni similique sed cum maiores"
  },
  {
    "userId": 3,
    "id": 30,
    "title": "a quo magni similique perferendis",
    "body": "alias dolor cumque\nimpedit blanditiis non eveniet odio maxime\nblanditiis amet eius quis tempora quia autem rem\na provident perspiciatis quia"
  },
  {
    "userId": 4,
    "id": 31,
    "title": "ullam ut quidem id aut vel consequuntur",
    "body": "debitis eius sed quibusdam non quis consectetur vitae\nimpedit ut qui consequatur sed aut in\nquidem sit nostrum et maiores adipisci atque\nquaerat voluptatem adipisci repudiandae"
  },
  {
    "userId": 4,
    "id": 32,
    "title": "doloremque illum aliquid sunt",
    "body": "deserunt eos nobis asperiores et hic\nest debitis repellat molestiae optio\nnihil ratione ut eos beatae quibusdam distinctio maiores\nearum voluptates et aut adipisci ea maiores voluptas maxime"
  },
  {
    "userId": 4,
    "id": 33,
    "title": "qui explicabo molestiae dolorem",
    "body": "rerum ut et numquam laborum odit est sit\nid qui sint in\nquasi tenetur tempore aperiam et quaerat qui in\nrerum officiis sequi cumque quod"
  },
  {
    "userId": 4,
    "id": 34,
    "title": "magnam ut rerum iure",
    "body": "ea velit perferendis earum ut voluptatem voluptate itaque iusto\ntotam pariatur in\nnemo voluptatem voluptatem autem magni tempora minima in\nest distinctio qui assumenda accusamus dignissimos officia nesciunt nobis"
  },
  {
    "userId": 4,
    "id": 35,
    "title": "id nihil consequatur molestias animi provident",
    "body": "nisi error delectus possimus ut eligendi vitae\nplaceat eos harum cupiditate facilis reprehenderit voluptatem beatae\nmodi ducimus quo illum voluptas eligendi\net nobis quia fugit"
  },
  {
    "userId": 4,
    "id": 36,
    "title": "fuga nam accusamus voluptas reiciendis itaque",
    "body": "ad mollitia et omnis minus architecto odit\nvoluptas doloremque maxime aut non ipsa qui alias veniam\nblanditiis culpa aut quia nihil cumque facere et occaecati\nqui aspernatur quia eaque ut aperiam inventore"
  },
  {
    "userId": 4,
    "id": 37,
    "title": "provident vel ut sit ratione est... (set the log level to DEBUG or TRACE to see the full content) 
 </msg>
<msg timestamp="20220523 03:10:29.577" level="INFO">${response} = &lt;Response [200]&gt;</msg>
<status status="PASS" starttime="20220523 03:10:29.229" endtime="20220523 03:10:29.577"/>
</kw>
<status status="PASS" starttime="20220523 03:10:29.229" endtime="20220523 03:10:29.577"/>
</branch>
<status status="PASS" starttime="20220523 03:10:29.228" endtime="20220523 03:10:29.577"/>
</if>
<status status="PASS" starttime="20220523 03:10:29.228" endtime="20220523 03:10:29.577"/>
</branch>
<branch type="ELSE">
<kw name="Evaluate" library="BuiltIn">
<var>${path}</var>
<arg>"/".join(${path})</arg>
<doc>Evaluates the given expression in Python and returns the result.</doc>
<status status="NOT RUN" starttime="20220523 03:10:29.577" endtime="20220523 03:10:29.577"/>
</kw>
<if>
<branch type="IF" condition="&quot;${query}&quot; == None">
<kw name="GET On Session" library="RequestsLibrary">
<var>${response}</var>
<arg>mysession</arg>
<arg>${uri}/${path}</arg>
<doc>Sends a GET request on a previously created HTTP Session.</doc>
<status status="NOT RUN" starttime="20220523 03:10:29.577" endtime="20220523 03:10:29.577"/>
</kw>
<status status="NOT RUN" starttime="20220523 03:10:29.577" endtime="20220523 03:10:29.577"/>
</branch>
<branch type="ELSE">
<kw name="GET On Session" library="RequestsLibrary">
<var>${response}</var>
<arg>mysession</arg>
<arg>${uri}/${path}</arg>
<arg>params=${query}</arg>
<doc>Sends a GET request on a previously created HTTP Session.</doc>
<status status="NOT RUN" starttime="20220523 03:10:29.577" endtime="20220523 03:10:29.577"/>
</kw>
<status status="NOT RUN" starttime="20220523 03:10:29.577" endtime="20220523 03:10:29.577"/>
</branch>
<status status="NOT RUN" starttime="20220523 03:10:29.577" endtime="20220523 03:10:29.577"/>
</if>
<status status="NOT RUN" starttime="20220523 03:10:29.577" endtime="20220523 03:10:29.577"/>
</branch>
<status status="PASS" starttime="20220523 03:10:29.228" endtime="20220523 03:10:29.577"/>
</if>
<kw name="Status Should Be" library="RequestsLibrary">
<arg>200</arg>
<arg>${response}</arg>
<doc>Fails if response status code is different than the expected.</doc>
<status status="PASS" starttime="20220523 03:10:29.577" endtime="20220523 03:10:29.577"/>
</kw>
<msg timestamp="20220523 03:10:29.577" level="INFO">${response} = &lt;Response [200]&gt;</msg>
<status status="PASS" starttime="20220523 03:10:29.228" endtime="20220523 03:10:29.577"/>
</kw>
<kw name="Validate Response" library="posts">
<arg>${response}</arg>
<arg>sunt aut facere repellat provident occaecati excepturi optio reprehenderit</arg>
<arg>title</arg>
<doc>Validate the success response returned from the request</doc>
<kw name="Evaluate" library="BuiltIn">
<var>${is list}</var>
<arg>isinstance(${response.json()}, list)</arg>
<doc>Evaluates the given expression in Python and returns the result.</doc>
<msg timestamp="20220523 03:10:29.601" level="INFO">${is list} = True</msg>
<status status="PASS" starttime="20220523 03:10:29.594" endtime="20220523 03:10:29.601"/>
</kw>
<if>
<branch type="IF" condition="${is list}">
<kw name="Get Value From Json" library="JSONLibrary">
<var>${title}</var>
<arg>${response.json()}[0]</arg>
<arg>${key}</arg>
<doc>Get Value From JSON using JSONPath</doc>
<msg timestamp="20220523 03:10:29.645" level="INFO">${title} = ['sunt aut facere repellat provident occaecati excepturi optio reprehenderit']</msg>
<status status="PASS" starttime="20220523 03:10:29.602" endtime="20220523 03:10:29.645"/>
</kw>
<status status="PASS" starttime="20220523 03:10:29.601" endtime="20220523 03:10:29.645"/>
</branch>
<branch type="ELSE">
<kw name="Get Value From Json" library="JSONLibrary">
<var>${title}</var>
<arg>${response.json()}</arg>
<arg>${key}</arg>
<doc>Get Value From JSON using JSONPath</doc>
<status status="NOT RUN" starttime="20220523 03:10:29.645" endtime="20220523 03:10:29.645"/>
</kw>
<status status="NOT RUN" starttime="20220523 03:10:29.645" endtime="20220523 03:10:29.645"/>
</branch>
<status status="PASS" starttime="20220523 03:10:29.601" endtime="20220523 03:10:29.645"/>
</if>
<kw name="Get From List" library="Collections">
<var>${titleFromList}</var>
<arg>${title}</arg>
<arg>0</arg>
<doc>Returns the value specified with an ``index`` from ``list``.</doc>
<msg timestamp="20220523 03:10:29.645" level="INFO">${titleFromList} = sunt aut facere repellat provident occaecati excepturi optio reprehenderit</msg>
<status status="PASS" starttime="20220523 03:10:29.645" endtime="20220523 03:10:29.645"/>
</kw>
<kw name="Should Be Equal" library="BuiltIn">
<arg>${titleFromList}</arg>
<arg>${value}</arg>
<doc>Fails if the given objects are unequal.</doc>
<status status="PASS" starttime="20220523 03:10:29.645" endtime="20220523 03:10:29.646"/>
</kw>
<status status="PASS" starttime="20220523 03:10:29.577" endtime="20220523 03:10:29.646"/>
</kw>
<doc>Performs Get Request on EndPoint /posts and validates the data received</doc>
<tag>API</tag>
<tag>Critical</tag>
<tag>Smoke</tag>
<status status="PASS" starttime="20220523 03:10:29.227" endtime="20220523 03:10:29.647"/>
</test>
<test id="s1-t2" name="Send GET Request To Posts EndPoint With Path Variable" line="18">
<kw name="Create List" library="BuiltIn">
<var>@{path}</var>
<arg>1</arg>
<doc>Returns a list containing given items.</doc>
<msg timestamp="20220523 03:10:29.651" level="INFO">@{path} = [ 1 ]</msg>
<status status="PASS" starttime="20220523 03:10:29.651" endtime="20220523 03:10:29.651"/>
</kw>
<kw name="Do a GET" library="posts">
<var>${response}</var>
<arg>/posts</arg>
<arg>${path}</arg>
<doc>Performs Get Request on given EndPoint</doc>
<if>
<branch type="IF" condition="${path} == None">
<if>
<branch type="IF" condition="&quot;${query}&quot; == None">
<kw name="GET On Session" library="RequestsLibrary">
<var>${response}</var>
<arg>mysession</arg>
<arg>${uri}</arg>
<doc>Sends a GET request on a previously created HTTP Session.</doc>
<status status="NOT RUN" starttime="20220523 03:10:29.653" endtime="20220523 03:10:29.653"/>
</kw>
<status status="NOT RUN" starttime="20220523 03:10:29.653" endtime="20220523 03:10:29.653"/>
</branch>
<branch type="ELSE">
<kw name="GET On Session" library="RequestsLibrary">
<var>${response}</var>
<arg>mysession</arg>
<arg>${uri}</arg>
<arg>params=${query}</arg>
<doc>Sends a GET request on a previously created HTTP Session.</doc>
<status status="NOT RUN" starttime="20220523 03:10:29.654" endtime="20220523 03:10:29.654"/>
</kw>
<status status="NOT RUN" starttime="20220523 03:10:29.653" endtime="20220523 03:10:29.654"/>
</branch>
<status status="NOT RUN" starttime="20220523 03:10:29.653" endtime="20220523 03:10:29.654"/>
</if>
<status status="NOT RUN" starttime="20220523 03:10:29.653" endtime="20220523 03:10:29.654"/>
</branch>
<branch type="ELSE">
<kw name="Evaluate" library="BuiltIn">
<var>${path}</var>
<arg>"/".join(${path})</arg>
<doc>Evaluates the given expression in Python and returns the result.</doc>
<msg timestamp="20220523 03:10:29.654" level="INFO">${path} = 1</msg>
<status status="PASS" starttime="20220523 03:10:29.654" endtime="20220523 03:10:29.654"/>
</kw>
<if>
<branch type="IF" condition="&quot;${query}&quot; == None">
<kw name="GET On Session" library="RequestsLibrary">
<var>${response}</var>
<arg>mysession</arg>
<arg>${uri}/${path}</arg>
<doc>Sends a GET request on a previously created HTTP Session.</doc>
<status status="NOT RUN" starttime="20220523 03:10:29.655" endtime="20220523 03:10:29.655"/>
</kw>
<status status="NOT RUN" starttime="20220523 03:10:29.654" endtime="20220523 03:10:29.655"/>
</branch>
<branch type="ELSE">
<kw name="GET On Session" library="RequestsLibrary">
<var>${response}</var>
<arg>mysession</arg>
<arg>${uri}/${path}</arg>
<arg>params=${query}</arg>
<doc>Sends a GET request on a previously created HTTP Session.</doc>
<msg timestamp="20220523 03:10:29.712" level="INFO">GET Request : url=https://jsonplaceholder.typicode.com/posts/1?None 
 path_url=/posts/1?None 
 headers={'User-Agent': 'python-requests/2.27.1', 'Accept-Encoding': 'gzip, deflate', 'Accept': '*/*', 'Connection': 'keep-alive'} 
 body=None 
 </msg>
<msg timestamp="20220523 03:10:29.712" level="INFO">GET Response : url=https://jsonplaceholder.typicode.com/posts/1?None 
 status=200, reason=OK 
 headers={'Date': 'Sun, 22 May 2022 21:40:29 GMT', 'Content-Type': 'application/json; charset=utf-8', 'Transfer-Encoding': 'chunked', 'Connection': 'keep-alive', 'X-Powered-By': 'Express', 'X-Ratelimit-Limit': '1000', 'X-Ratelimit-Remaining': '998', 'X-Ratelimit-Reset': '1653249914', 'Vary': 'Origin, Accept-Encoding', 'Access-Control-Allow-Credentials': 'true', 'Cache-Control': 'max-age=43200', 'Pragma': 'no-cache', 'Expires': '-1', 'X-Content-Type-Options': 'nosniff', 'Etag': 'W/"124-yiKdLzqO5gfBrJFrcdJ8Yq0LGnU"', 'Via': '1.1 vegur', 'CF-Cache-Status': 'HIT', 'Age': '5773', 'Expect-CT': 'max-age=604800, report-uri="https://report-uri.cloudflare.com/cdn-cgi/beacon/expect-ct"', 'Report-To': '{"endpoints":[{"url":"https:\\/\\/a.nel.cloudflare.com\\/report\\/v3?s=8bOvR58eGCs28BxzeA2Ji%2FS8iQNVgDAzcVdHnV%2BN5G9oh9gpgTLUx8%2B%2By8vo0Wy2ShygW%2FLofNSCGb%2FyTUiiWbAPdF5zkJqfMoQW%2F6KND98mU1zQmCs07NJiFiLRFhHXlC4ysmimEjV6cReJUaFRAilbf7LWrDshMP8J"}],"group":"cf-nel","max_age":604800}', 'NEL': '{"success_fraction":0,"report_to":"cf-nel","max_age":604800}', 'Server': 'cloudflare', 'CF-RAY': '70f8b5e5cc1b9380-MAA', 'Content-Encoding': 'gzip', 'alt-svc': 'h3=":443"; ma=86400, h3-29=":443"; ma=86400'} 
 body={
  "userId": 1,
  "id": 1,
  "title": "sunt aut facere repellat provident occaecati excepturi optio reprehenderit",
  "body": "quia et suscipit\nsuscipit recusandae consequuntur expedita et cum\nreprehenderit molestiae ut ut quas totam\nnostrum rerum est autem sunt rem eveniet architecto"
} 
 </msg>
<msg timestamp="20220523 03:10:29.712" level="INFO">${response} = &lt;Response [200]&gt;</msg>
<status status="PASS" starttime="20220523 03:10:29.655" endtime="20220523 03:10:29.712"/>
</kw>
<status status="PASS" starttime="20220523 03:10:29.655" endtime="20220523 03:10:29.712"/>
</branch>
<status status="PASS" starttime="20220523 03:10:29.654" endtime="20220523 03:10:29.712"/>
</if>
<status status="PASS" starttime="20220523 03:10:29.654" endtime="20220523 03:10:29.712"/>
</branch>
<status status="PASS" starttime="20220523 03:10:29.653" endtime="20220523 03:10:29.712"/>
</if>
<kw name="Status Should Be" library="RequestsLibrary">
<arg>200</arg>
<arg>${response}</arg>
<doc>Fails if response status code is different than the expected.</doc>
<status status="PASS" starttime="20220523 03:10:29.712" endtime="20220523 03:10:29.713"/>
</kw>
<msg timestamp="20220523 03:10:29.713" level="INFO">${response} = &lt;Response [200]&gt;</msg>
<status status="PASS" starttime="20220523 03:10:29.652" endtime="20220523 03:10:29.713"/>
</kw>
<kw name="Validate Response" library="posts">
<arg>${response}</arg>
<arg>sunt aut facere repellat provident occaecati excepturi optio reprehenderit</arg>
<arg>title</arg>
<doc>Validate the success response returned from the request</doc>
<kw name="Evaluate" library="BuiltIn">
<var>${is list}</var>
<arg>isinstance(${response.json()}, list)</arg>
<doc>Evaluates the given expression in Python and returns the result.</doc>
<msg timestamp="20220523 03:10:29.715" level="INFO">${is list} = False</msg>
<status status="PASS" starttime="20220523 03:10:29.715" endtime="20220523 03:10:29.715"/>
</kw>
<if>
<branch type="IF" condition="${is list}">
<kw name="Get Value From Json" library="JSONLibrary">
<var>${title}</var>
<arg>${response.json()}[0]</arg>
<arg>${key}</arg>
<doc>Get Value From JSON using JSONPath</doc>
<status status="NOT RUN" starttime="20220523 03:10:29.716" endtime="20220523 03:10:29.716"/>
</kw>
<status status="NOT RUN" starttime="20220523 03:10:29.716" endtime="20220523 03:10:29.716"/>
</branch>
<branch type="ELSE">
<kw name="Get Value From Json" library="JSONLibrary">
<var>${title}</var>
<arg>${response.json()}</arg>
<arg>${key}</arg>
<doc>Get Value From JSON using JSONPath</doc>
<msg timestamp="20220523 03:10:29.743" level="INFO">${title} = ['sunt aut facere repellat provident occaecati excepturi optio reprehenderit']</msg>
<status status="PASS" starttime="20220523 03:10:29.716" endtime="20220523 03:10:29.743"/>
</kw>
<status status="PASS" starttime="20220523 03:10:29.716" endtime="20220523 03:10:29.744"/>
</branch>
<status status="PASS" starttime="20220523 03:10:29.716" endtime="20220523 03:10:29.744"/>
</if>
<kw name="Get From List" library="Collections">
<var>${titleFromList}</var>
<arg>${title}</arg>
<arg>0</arg>
<doc>Returns the value specified with an ``index`` from ``list``.</doc>
<msg timestamp="20220523 03:10:29.744" level="INFO">${titleFromList} = sunt aut facere repellat provident occaecati excepturi optio reprehenderit</msg>
<status status="PASS" starttime="20220523 03:10:29.744" endtime="20220523 03:10:29.744"/>
</kw>
<kw name="Should Be Equal" library="BuiltIn">
<arg>${titleFromList}</arg>
<arg>${value}</arg>
<doc>Fails if the given objects are unequal.</doc>
<status status="PASS" starttime="20220523 03:10:29.744" endtime="20220523 03:10:29.745"/>
</kw>
<status status="PASS" starttime="20220523 03:10:29.714" endtime="20220523 03:10:29.745"/>
</kw>
<doc>Performs Get Request on EndPoint /posts with Path variable</doc>
<tag>API</tag>
<tag>Critical</tag>
<tag>Smoke</tag>
<status status="PASS" starttime="20220523 03:10:29.650" endtime="20220523 03:10:29.746"/>
</test>
<test id="s1-t3" name="Send GET Request To Posts EndPoint With Multiple Path Variable" line="25">
<kw name="Create List" library="BuiltIn">
<var>@{path}</var>
<arg>1</arg>
<arg>comments</arg>
<doc>Returns a list containing given items.</doc>
<msg timestamp="20220523 03:10:29.751" level="INFO">@{path} = [ 1 | comments ]</msg>
<status status="PASS" starttime="20220523 03:10:29.751" endtime="20220523 03:10:29.751"/>
</kw>
<kw name="Do a GET" library="posts">
<var>${response}</var>
<arg>/posts</arg>
<arg>${path}</arg>
<doc>Performs Get Request on given EndPoint</doc>
<if>
<branch type="IF" condition="${path} == None">
<if>
<branch type="IF" condition="&quot;${query}&quot; == None">
<kw name="GET On Session" library="RequestsLibrary">
<var>${response}</var>
<arg>mysession</arg>
<arg>${uri}</arg>
<doc>Sends a GET request on a previously created HTTP Session.</doc>
<status status="NOT RUN" starttime="20220523 03:10:29.753" endtime="20220523 03:10:29.753"/>
</kw>
<status status="NOT RUN" starttime="20220523 03:10:29.753" endtime="20220523 03:10:29.753"/>
</branch>
<branch type="ELSE">
<kw name="GET On Session" library="RequestsLibrary">
<var>${response}</var>
<arg>mysession</arg>
<arg>${uri}</arg>
<arg>params=${query}</arg>
<doc>Sends a GET request on a previously created HTTP Session.</doc>
<status status="NOT RUN" starttime="20220523 03:10:29.753" endtime="20220523 03:10:29.753"/>
</kw>
<status status="NOT RUN" starttime="20220523 03:10:29.753" endtime="20220523 03:10:29.753"/>
</branch>
<status status="NOT RUN" starttime="20220523 03:10:29.753" endtime="20220523 03:10:29.753"/>
</if>
<status status="NOT RUN" starttime="20220523 03:10:29.753" endtime="20220523 03:10:29.753"/>
</branch>
<branch type="ELSE">
<kw name="Evaluate" library="BuiltIn">
<var>${path}</var>
<arg>"/".join(${path})</arg>
<doc>Evaluates the given expression in Python and returns the result.</doc>
<msg timestamp="20220523 03:10:29.753" level="INFO">${path} = 1/comments</msg>
<status status="PASS" starttime="20220523 03:10:29.753" endtime="20220523 03:10:29.754"/>
</kw>
<if>
<branch type="IF" condition="&quot;${query}&quot; == None">
<kw name="GET On Session" library="RequestsLibrary">
<var>${response}</var>
<arg>mysession</arg>
<arg>${uri}/${path}</arg>
<doc>Sends a GET request on a previously created HTTP Session.</doc>
<status status="NOT RUN" starttime="20220523 03:10:29.754" endtime="20220523 03:10:29.754"/>
</kw>
<status status="NOT RUN" starttime="20220523 03:10:29.754" endtime="20220523 03:10:29.754"/>
</branch>
<branch type="ELSE">
<kw name="GET On Session" library="RequestsLibrary">
<var>${response}</var>
<arg>mysession</arg>
<arg>${uri}/${path}</arg>
<arg>params=${query}</arg>
<doc>Sends a GET request on a previously created HTTP Session.</doc>
<msg timestamp="20220523 03:10:29.806" level="INFO">GET Request : url=https://jsonplaceholder.typicode.com/posts/1/comments?None 
 path_url=/posts/1/comments?None 
 headers={'User-Agent': 'python-requests/2.27.1', 'Accept-Encoding': 'gzip, deflate', 'Accept': '*/*', 'Connection': 'keep-alive'} 
 body=None 
 </msg>
<msg timestamp="20220523 03:10:29.807" level="INFO">GET Response : url=https://jsonplaceholder.typicode.com/posts/1/comments?None 
 status=200, reason=OK 
 headers={'Date': 'Sun, 22 May 2022 21:40:29 GMT', 'Content-Type': 'application/json; charset=utf-8', 'Transfer-Encoding': 'chunked', 'Connection': 'keep-alive', 'X-Powered-By': 'Express', 'X-Ratelimit-Limit': '1000', 'X-Ratelimit-Remaining': '997', 'X-Ratelimit-Reset': '1653249914', 'Vary': 'Origin, Accept-Encoding', 'Access-Control-Allow-Credentials': 'true', 'Cache-Control': 'max-age=43200', 'Pragma': 'no-cache', 'Expires': '-1', 'X-Content-Type-Options': 'nosniff', 'Etag': 'W/"5e6-4bSPS5tq8F8ZDeFJULWh6upjp7U"', 'Content-Encoding': 'gzip', 'Via': '1.1 vegur', 'CF-Cache-Status': 'HIT', 'Age': '5772', 'Expect-CT': 'max-age=604800, report-uri="https://report-uri.cloudflare.com/cdn-cgi/beacon/expect-ct"', 'Report-To': '{"endpoints":[{"url":"https:\\/\\/a.nel.cloudflare.com\\/report\\/v3?s=s7XgKrLRMrHlkEKvMF%2FKf4v%2Bv%2BIXkO3q7ABhPcbWSFCNCwKC2wLltChEUWR3Og%2FMlT0J%2F8cHB9Mm75ANdGy8UfhRF3QPPWbMZcuXB6QnGIcWQ0wlwzpi2RY%2FVUsdNeytyS%2B9OvMeYM%2BJwoY7NfKrCe0GNu%2B%2BNcsJeqDc"}],"group":"cf-nel","max_age":604800}', 'NEL': '{"success_fraction":0,"report_to":"cf-nel","max_age":604800}', 'Server': 'cloudflare', 'CF-RAY': '70f8b5e65cb09380-MAA', 'alt-svc': 'h3=":443"; ma=86400, h3-29=":443"; ma=86400'} 
 body=[
  {
    "postId": 1,
    "id": 1,
    "name": "id labore ex et quam laborum",
    "email": "Eliseo@gardner.biz",
    "body": "laudantium enim quasi est quidem magnam voluptate ipsam eos\ntempora quo necessitatibus\ndolor quam autem quasi\nreiciendis et nam sapiente accusantium"
  },
  {
    "postId": 1,
    "id": 2,
    "name": "quo vero reiciendis velit similique earum",
    "email": "Jayne_Kuhic@sydney.com",
    "body": "est natus enim nihil est dolore omnis voluptatem numquam\net omnis occaecati quod ullam at\nvoluptatem error expedita pariatur\nnihil sint nostrum voluptatem reiciendis et"
  },
  {
    "postId": 1,
    "id": 3,
    "name": "odio adipisci rerum aut animi",
    "email": "Nikita@garfield.biz",
    "body": "quia molestiae reprehenderit quasi aspernatur\naut expedita occaecati aliquam eveniet laudantium\nomnis quibusdam delectus saepe quia accusamus maiores nam est\ncum et ducimus et vero voluptates excepturi deleniti ratione"
  },
  {
    "postId": 1,
    "id": 4,
    "name": "alias odio sit",
    "email": "Lew@alysha.tv",
    "body": "non et atque\noccaecati deserunt quas accusantium unde odit nobis qui voluptatem\nquia voluptas consequuntur itaque dolor\net qui rerum deleniti ut occaecati"
  },
  {
    "postId": 1,
    "id": 5,
    "name": "vero eaque aliquid doloribus et culpa",
    "email": "Hayden@althea.biz",
    "body": "harum non quasi et ratione\ntempore iure ex voluptates in ratione\nharum architecto fugit inventore cupiditate\nvoluptates magni quo et"
  }
] 
 </msg>
<msg timestamp="20220523 03:10:29.807" level="INFO">${response} = &lt;Response [200]&gt;</msg>
<status status="PASS" starttime="20220523 03:10:29.754" endtime="20220523 03:10:29.807"/>
</kw>
<status status="PASS" starttime="20220523 03:10:29.754" endtime="20220523 03:10:29.807"/>
</branch>
<status status="PASS" starttime="20220523 03:10:29.754" endtime="20220523 03:10:29.807"/>
</if>
<status status="PASS" starttime="20220523 03:10:29.753" endtime="20220523 03:10:29.807"/>
</branch>
<status status="PASS" starttime="20220523 03:10:29.752" endtime="20220523 03:10:29.807"/>
</if>
<kw name="Status Should Be" library="RequestsLibrary">
<arg>200</arg>
<arg>${response}</arg>
<doc>Fails if response status code is different than the expected.</doc>
<status status="PASS" starttime="20220523 03:10:29.807" endtime="20220523 03:10:29.808"/>
</kw>
<msg timestamp="20220523 03:10:29.808" level="INFO">${response} = &lt;Response [200]&gt;</msg>
<status status="PASS" starttime="20220523 03:10:29.752" endtime="20220523 03:10:29.808"/>
</kw>
<kw name="Validate Response" library="posts">
<arg>${response}</arg>
<arg>id labore ex et quam laborum</arg>
<arg>name</arg>
<doc>Validate the success response returned from the request</doc>
<kw name="Evaluate" library="BuiltIn">
<var>${is list}</var>
<arg>isinstance(${response.json()}, list)</arg>
<doc>Evaluates the given expression in Python and returns the result.</doc>
<msg timestamp="20220523 03:10:29.810" level="INFO">${is list} = True</msg>
<status status="PASS" starttime="20220523 03:10:29.809" endtime="20220523 03:10:29.811"/>
</kw>
<if>
<branch type="IF" condition="${is list}">
<kw name="Get Value From Json" library="JSONLibrary">
<var>${title}</var>
<arg>${response.json()}[0]</arg>
<arg>${key}</arg>
<doc>Get Value From JSON using JSONPath</doc>
<msg timestamp="20220523 03:10:29.866" level="INFO">${title} = ['id labore ex et quam laborum']</msg>
<status status="PASS" starttime="20220523 03:10:29.811" endtime="20220523 03:10:29.866"/>
</kw>
<status status="PASS" starttime="20220523 03:10:29.811" endtime="20220523 03:10:29.866"/>
</branch>
<branch type="ELSE">
<kw name="Get Value From Json" library="JSONLibrary">
<var>${title}</var>
<arg>${response.json()}</arg>
<arg>${key}</arg>
<doc>Get Value From JSON using JSONPath</doc>
<status status="NOT RUN" starttime="20220523 03:10:29.867" endtime="20220523 03:10:29.867"/>
</kw>
<status status="NOT RUN" starttime="20220523 03:10:29.867" endtime="20220523 03:10:29.867"/>
</branch>
<status status="PASS" starttime="20220523 03:10:29.811" endtime="20220523 03:10:29.867"/>
</if>
<kw name="Get From List" library="Collections">
<var>${titleFromList}</var>
<arg>${title}</arg>
<arg>0</arg>
<doc>Returns the value specified with an ``index`` from ``list``.</doc>
<msg timestamp="20220523 03:10:29.868" level="INFO">${titleFromList} = id labore ex et quam laborum</msg>
<status status="PASS" starttime="20220523 03:10:29.867" endtime="20220523 03:10:29.868"/>
</kw>
<kw name="Should Be Equal" library="BuiltIn">
<arg>${titleFromList}</arg>
<arg>${value}</arg>
<doc>Fails if the given objects are unequal.</doc>
<status status="PASS" starttime="20220523 03:10:29.868" endtime="20220523 03:10:29.869"/>
</kw>
<status status="PASS" starttime="20220523 03:10:29.809" endtime="20220523 03:10:29.869"/>
</kw>
<doc>Performs Get Request on EndPoint /posts with Multiple Path variable</doc>
<tag>API</tag>
<tag>Critical</tag>
<tag>Smoke</tag>
<status status="PASS" starttime="20220523 03:10:29.749" endtime="20220523 03:10:29.870"/>
</test>
<test id="s1-t4" name="Send GET Request To Posts EndPoint With Query Parameter" line="32">
<kw name="Do a GET" library="posts">
<var>${response}</var>
<arg>/comments</arg>
<arg>query=postId=1</arg>
<doc>Performs Get Request on given EndPoint</doc>
<if>
<branch type="IF" condition="${path} == None">
<if>
<branch type="IF" condition="&quot;${query}&quot; == None">
<kw name="GET On Session" library="RequestsLibrary">
<var>${response}</var>
<arg>mysession</arg>
<arg>${uri}</arg>
<doc>Sends a GET request on a previously created HTTP Session.</doc>
<status status="NOT RUN" starttime="20220523 03:10:29.875" endtime="20220523 03:10:29.875"/>
</kw>
<status status="NOT RUN" starttime="20220523 03:10:29.875" endtime="20220523 03:10:29.875"/>
</branch>
<branch type="ELSE">
<kw name="GET On Session" library="RequestsLibrary">
<var>${response}</var>
<arg>mysession</arg>
<arg>${uri}</arg>
<arg>params=${query}</arg>
<doc>Sends a GET request on a previously created HTTP Session.</doc>
<msg timestamp="20220523 03:10:29.929" level="INFO">GET Request : url=https://jsonplaceholder.typicode.com/comments?postId=1 
 path_url=/comments?postId=1 
 headers={'User-Agent': 'python-requests/2.27.1', 'Accept-Encoding': 'gzip, deflate', 'Accept': '*/*', 'Connection': 'keep-alive'} 
 body=None 
 </msg>
<msg timestamp="20220523 03:10:29.929" level="INFO">GET Response : url=https://jsonplaceholder.typicode.com/comments?postId=1 
 status=200, reason=OK 
 headers={'Date': 'Sun, 22 May 2022 21:40:29 GMT', 'Content-Type': 'application/json; charset=utf-8', 'Transfer-Encoding': 'chunked', 'Connection': 'keep-alive', 'X-Powered-By': 'Express', 'X-Ratelimit-Limit': '1000', 'X-Ratelimit-Remaining': '998', 'X-Ratelimit-Reset': '1653247994', 'Vary': 'Origin, Accept-Encoding', 'Access-Control-Allow-Credentials': 'true', 'Cache-Control': 'max-age=43200', 'Pragma': 'no-cache', 'Expires': '-1', 'X-Content-Type-Options': 'nosniff', 'Etag': 'W/"5e6-4bSPS5tq8F8ZDeFJULWh6upjp7U"', 'Content-Encoding': 'gzip', 'Via': '1.1 vegur', 'CF-Cache-Status': 'HIT', 'Age': '7678', 'Expect-CT': 'max-age=604800, report-uri="https://report-uri.cloudflare.com/cdn-cgi/beacon/expect-ct"', 'Report-To': '{"endpoints":[{"url":"https:\\/\\/a.nel.cloudflare.com\\/report\\/v3?s=vWWegpOaQwFp73XLX3%2FpipmRgSWd7%2FJOTquSa7kPq0G65ODgN3mtSeUPhSwihvWDAtiLUyROA6OeuawEmmHBnus2d%2B3OGF7%2FZ%2BzZnBlibET0ZJo8lLPgeaOuXoZ8uiUrwgJxl0dcgaqRL99%2F5P9Ksji%2FZShDr4GVtq2P"}],"group":"cf-nel","max_age":604800}', 'NEL': '{"success_fraction":0,"report_to":"cf-nel","max_age":604800}', 'Server': 'cloudflare', 'CF-RAY': '70f8b5e72db59380-MAA', 'alt-svc': 'h3=":443"; ma=86400, h3-29=":443"; ma=86400'} 
 body=[
  {
    "postId": 1,
    "id": 1,
    "name": "id labore ex et quam laborum",
    "email": "Eliseo@gardner.biz",
    "body": "laudantium enim quasi est quidem magnam voluptate ipsam eos\ntempora quo necessitatibus\ndolor quam autem quasi\nreiciendis et nam sapiente accusantium"
  },
  {
    "postId": 1,
    "id": 2,
    "name": "quo vero reiciendis velit similique earum",
    "email": "Jayne_Kuhic@sydney.com",
    "body": "est natus enim nihil est dolore omnis voluptatem numquam\net omnis occaecati quod ullam at\nvoluptatem error expedita pariatur\nnihil sint nostrum voluptatem reiciendis et"
  },
  {
    "postId": 1,
    "id": 3,
    "name": "odio adipisci rerum aut animi",
    "email": "Nikita@garfield.biz",
    "body": "quia molestiae reprehenderit quasi aspernatur\naut expedita occaecati aliquam eveniet laudantium\nomnis quibusdam delectus saepe quia accusamus maiores nam est\ncum et ducimus et vero voluptates excepturi deleniti ratione"
  },
  {
    "postId": 1,
    "id": 4,
    "name": "alias odio sit",
    "email": "Lew@alysha.tv",
    "body": "non et atque\noccaecati deserunt quas accusantium unde odit nobis qui voluptatem\nquia voluptas consequuntur itaque dolor\net qui rerum deleniti ut occaecati"
  },
  {
    "postId": 1,
    "id": 5,
    "name": "vero eaque aliquid doloribus et culpa",
    "email": "Hayden@althea.biz",
    "body": "harum non quasi et ratione\ntempore iure ex voluptates in ratione\nharum architecto fugit inventore cupiditate\nvoluptates magni quo et"
  }
] 
 </msg>
<msg timestamp="20220523 03:10:29.929" level="INFO">${response} = &lt;Response [200]&gt;</msg>
<status status="PASS" starttime="20220523 03:10:29.875" endtime="20220523 03:10:29.929"/>
</kw>
<status status="PASS" starttime="20220523 03:10:29.875" endtime="20220523 03:10:29.929"/>
</branch>
<status status="PASS" starttime="20220523 03:10:29.874" endtime="20220523 03:10:29.929"/>
</if>
<status status="PASS" starttime="20220523 03:10:29.874" endtime="20220523 03:10:29.929"/>
</branch>
<branch type="ELSE">
<kw name="Evaluate" library="BuiltIn">
<var>${path}</var>
<arg>"/".join(${path})</arg>
<doc>Evaluates the given expression in Python and returns the result.</doc>
<status status="NOT RUN" starttime="20220523 03:10:29.930" endtime="20220523 03:10:29.930"/>
</kw>
<if>
<branch type="IF" condition="&quot;${query}&quot; == None">
<kw name="GET On Session" library="RequestsLibrary">
<var>${response}</var>
<arg>mysession</arg>
<arg>${uri}/${path}</arg>
<doc>Sends a GET request on a previously created HTTP Session.</doc>
<status status="NOT RUN" starttime="20220523 03:10:29.930" endtime="20220523 03:10:29.930"/>
</kw>
<status status="NOT RUN" starttime="20220523 03:10:29.930" endtime="20220523 03:10:29.930"/>
</branch>
<branch type="ELSE">
<kw name="GET On Session" library="RequestsLibrary">
<var>${response}</var>
<arg>mysession</arg>
<arg>${uri}/${path}</arg>
<arg>params=${query}</arg>
<doc>Sends a GET request on a previously created HTTP Session.</doc>
<status status="NOT RUN" starttime="20220523 03:10:29.930" endtime="20220523 03:10:29.930"/>
</kw>
<status status="NOT RUN" starttime="20220523 03:10:29.930" endtime="20220523 03:10:29.930"/>
</branch>
<status status="NOT RUN" starttime="20220523 03:10:29.930" endtime="20220523 03:10:29.930"/>
</if>
<status status="NOT RUN" starttime="20220523 03:10:29.929" endtime="20220523 03:10:29.930"/>
</branch>
<status status="PASS" starttime="20220523 03:10:29.874" endtime="20220523 03:10:29.931"/>
</if>
<kw name="Status Should Be" library="RequestsLibrary">
<arg>200</arg>
<arg>${response}</arg>
<doc>Fails if response status code is different than the expected.</doc>
<status status="PASS" starttime="20220523 03:10:29.931" endtime="20220523 03:10:29.931"/>
</kw>
<msg timestamp="20220523 03:10:29.931" level="INFO">${response} = &lt;Response [200]&gt;</msg>
<status status="PASS" starttime="20220523 03:10:29.874" endtime="20220523 03:10:29.931"/>
</kw>
<kw name="Validate Response" library="posts">
<arg>${response}</arg>
<arg>id labore ex et quam laborum</arg>
<arg>name</arg>
<doc>Validate the success response returned from the request</doc>
<kw name="Evaluate" library="BuiltIn">
<var>${is list}</var>
<arg>isinstance(${response.json()}, list)</arg>
<doc>Evaluates the given expression in Python and returns the result.</doc>
<msg timestamp="20220523 03:10:29.935" level="INFO">${is list} = True</msg>
<status status="PASS" starttime="20220523 03:10:29.934" endtime="20220523 03:10:29.935"/>
</kw>
<if>
<branch type="IF" condition="${is list}">
<kw name="Get Value From Json" library="JSONLibrary">
<var>${title}</var>
<arg>${response.json()}[0]</arg>
<arg>${key}</arg>
<doc>Get Value From JSON using JSONPath</doc>
<msg timestamp="20220523 03:10:29.968" level="INFO">${title} = ['id labore ex et quam laborum']</msg>
<status status="PASS" starttime="20220523 03:10:29.935" endtime="20220523 03:10:29.968"/>
</kw>
<status status="PASS" starttime="20220523 03:10:29.935" endtime="20220523 03:10:29.968"/>
</branch>
<branch type="ELSE">
<kw name="Get Value From Json" library="JSONLibrary">
<var>${title}</var>
<arg>${response.json()}</arg>
<arg>${key}</arg>
<doc>Get Value From JSON using JSONPath</doc>
<status status="NOT RUN" starttime="20220523 03:10:29.968" endtime="20220523 03:10:29.968"/>
</kw>
<status status="NOT RUN" starttime="20220523 03:10:29.968" endtime="20220523 03:10:29.968"/>
</branch>
<status status="PASS" starttime="20220523 03:10:29.935" endtime="20220523 03:10:29.968"/>
</if>
<kw name="Get From List" library="Collections">
<var>${titleFromList}</var>
<arg>${title}</arg>
<arg>0</arg>
<doc>Returns the value specified with an ``index`` from ``list``.</doc>
<msg timestamp="20220523 03:10:29.969" level="INFO">${titleFromList} = id labore ex et quam laborum</msg>
<status status="PASS" starttime="20220523 03:10:29.968" endtime="20220523 03:10:29.969"/>
</kw>
<kw name="Should Be Equal" library="BuiltIn">
<arg>${titleFromList}</arg>
<arg>${value}</arg>
<doc>Fails if the given objects are unequal.</doc>
<status status="PASS" starttime="20220523 03:10:29.969" endtime="20220523 03:10:29.969"/>
</kw>
<status status="PASS" starttime="20220523 03:10:29.932" endtime="20220523 03:10:29.969"/>
</kw>
<doc>Performs Get Request on EndPoint /posts with Path variable</doc>
<tag>API</tag>
<tag>Critical</tag>
<tag>Smoke</tag>
<status status="PASS" starttime="20220523 03:10:29.872" endtime="20220523 03:10:29.970"/>
</test>
<test id="s1-t5" name="Send POST Request To Posts EndPoint" line="38">
<kw name="Create Dictionary" library="BuiltIn">
<var>&amp;{body}</var>
<arg>title=foo</arg>
<arg>body=bar</arg>
<arg>userId=9000</arg>
<doc>Creates and returns a dictionary based on the given ``items``.</doc>
<msg timestamp="20220523 03:10:29.974" level="INFO">&amp;{body} = { title=foo | body=bar | userId=9000 }</msg>
<status status="PASS" starttime="20220523 03:10:29.974" endtime="20220523 03:10:29.974"/>
</kw>
<kw name="Create Dictionary" library="BuiltIn">
<var>&amp;{header}</var>
<arg>Cache-Control=no-cache</arg>
<doc>Creates and returns a dictionary based on the given ``items``.</doc>
<msg timestamp="20220523 03:10:29.976" level="INFO">&amp;{header} = { Cache-Control=no-cache }</msg>
<status status="PASS" starttime="20220523 03:10:29.975" endtime="20220523 03:10:29.976"/>
</kw>
<kw name="Do a POST" library="posts">
<var>${response}</var>
<arg>/posts</arg>
<arg>${body}</arg>
<arg>${header}</arg>
<doc>Performs POST Request on given EndPoint</doc>
<if>
<branch type="IF" condition="${path} == None">
<kw name="POST On Session" library="RequestsLibrary">
<var>${response}</var>
<arg>mysession</arg>
<arg>${uri}</arg>
<arg>data=${body}</arg>
<arg>headers=${header}</arg>
<doc>Sends a POST request on a previously created HTTP Session.</doc>
<msg timestamp="20220523 03:10:30.551" level="INFO">POST Request : url=https://jsonplaceholder.typicode.com/posts 
 path_url=/posts 
 headers={'User-Agent': 'python-requests/2.27.1', 'Accept-Encoding': 'gzip, deflate', 'Accept': '*/*', 'Connection': 'keep-alive', 'Cache-Control': 'no-cache', 'Content-Length': '30', 'Content-Type': 'application/x-www-form-urlencoded'} 
 body=title=foo&amp;body=bar&amp;userId=9000 
 </msg>
<msg timestamp="20220523 03:10:30.551" level="INFO">POST Response : url=https://jsonplaceholder.typicode.com/posts 
 status=201, reason=Created 
 headers={'Date': 'Sun, 22 May 2022 21:40:30 GMT', 'Content-Type': 'application/json; charset=utf-8', 'Content-Length': '70', 'Connection': 'keep-alive', 'X-Powered-By': 'Express', 'X-Ratelimit-Limit': '1000', 'X-Ratelimit-Remaining': '999', 'X-Ratelimit-Reset': '1653255674', 'Vary': 'Origin, X-HTTP-Method-Override, Accept-Encoding', 'Access-Control-Allow-Credentials': 'true', 'Cache-Control': 'no-cache', 'Pragma': 'no-cache', 'Expires': '-1', 'Access-Control-Expose-Headers': 'Location', 'Location': 'http://jsonplaceholder.typicode.com/posts/101', 'X-Content-Type-Options': 'nosniff', 'Etag': 'W/"46-tEKL1wxrjzPlkqKj2ScpRQ6IqC8"', 'Via': '1.1 vegur', 'CF-Cache-Status': 'DYNAMIC', 'Expect-CT': 'max-age=604800, report-uri="https://report-uri.cloudflare.com/cdn-cgi/beacon/expect-ct"', 'Report-To': '{"endpoints":[{"url":"https:\\/\\/a.nel.cloudflare.com\\/report\\/v3?s=%2BdZfF5HzTsNBSn%2BCe%2FE6dCYXRioWLq3qS8uqmUBmrfN3PHzH8ELXrEq9qB7%2FHvyN07rZKnGKYcMQ0IMVw%2Bt31gbWuLjvKGAcgY8Z4lhSvIG9z6ATnPl%2FelYP6ezp7bxwo7kELiKtqpfZRGMt42UChXxxspKsRXmMVVNQ"}],"group":"cf-nel","max_age":604800}', 'NEL': '{"success_fraction":0,"report_to":"cf-nel","max_age":604800}', 'Server': 'cloudflare', 'CF-RAY': '70f8b5e7ce659380-MAA', 'alt-svc': 'h3=":443"; ma=86400, h3-29=":443"; ma=86400'} 
 body={
  "title": "foo",
  "body": "bar",
  "userId": "9000",
  "id": 101
} 
 </msg>
<msg timestamp="20220523 03:10:30.551" level="INFO">${response} = &lt;Response [201]&gt;</msg>
<status status="PASS" starttime="20220523 03:10:29.978" endtime="20220523 03:10:30.551"/>
</kw>
<status status="PASS" starttime="20220523 03:10:29.977" endtime="20220523 03:10:30.551"/>
</branch>
<branch type="ELSE">
<kw name="Evaluate" library="BuiltIn">
<var>${path}</var>
<arg>"/".join(${path})</arg>
<doc>Evaluates the given expression in Python and returns the result.</doc>
<status status="NOT RUN" starttime="20220523 03:10:30.551" endtime="20220523 03:10:30.551"/>
</kw>
<kw name="POST On Session" library="RequestsLibrary">
<var>${response}</var>
<arg>mysession</arg>
<arg>${uri}/${path}</arg>
<arg>data=${body}</arg>
<arg>headers=${header}</arg>
<doc>Sends a POST request on a previously created HTTP Session.</doc>
<status status="NOT RUN" starttime="20220523 03:10:30.551" endtime="20220523 03:10:30.551"/>
</kw>
<status status="NOT RUN" starttime="20220523 03:10:30.551" endtime="20220523 03:10:30.551"/>
</branch>
<status status="PASS" starttime="20220523 03:10:29.977" endtime="20220523 03:10:30.551"/>
</if>
<kw name="Status Should Be" library="RequestsLibrary">
<arg>201</arg>
<arg>${response}</arg>
<doc>Fails if response status code is different than the expected.</doc>
<status status="PASS" starttime="20220523 03:10:30.551" endtime="20220523 03:10:30.551"/>
</kw>
<msg timestamp="20220523 03:10:30.551" level="INFO">${response} = &lt;Response [201]&gt;</msg>
<status status="PASS" starttime="20220523 03:10:29.976" endtime="20220523 03:10:30.551"/>
</kw>
<kw name="Validate Response" library="posts">
<arg>${response}</arg>
<arg>${101}</arg>
<arg>id</arg>
<doc>Validate the success response returned from the request</doc>
<kw name="Evaluate" library="BuiltIn">
<var>${is list}</var>
<arg>isinstance(${response.json()}, list)</arg>
<doc>Evaluates the given expression in Python and returns the result.</doc>
<msg timestamp="20220523 03:10:30.555" level="INFO">${is list} = False</msg>
<status status="PASS" starttime="20220523 03:10:30.555" endtime="20220523 03:10:30.556"/>
</kw>
<if>
<branch type="IF" condition="${is list}">
<kw name="Get Value From Json" library="JSONLibrary">
<var>${title}</var>
<arg>${response.json()}[0]</arg>
<arg>${key}</arg>
<doc>Get Value From JSON using JSONPath</doc>
<status status="NOT RUN" starttime="20220523 03:10:30.556" endtime="20220523 03:10:30.556"/>
</kw>
<status status="NOT RUN" starttime="20220523 03:10:30.556" endtime="20220523 03:10:30.556"/>
</branch>
<branch type="ELSE">
<kw name="Get Value From Json" library="JSONLibrary">
<var>${title}</var>
<arg>${response.json()}</arg>
<arg>${key}</arg>
<doc>Get Value From JSON using JSONPath</doc>
<msg timestamp="20220523 03:10:30.582" level="INFO">${title} = [101]</msg>
<status status="PASS" starttime="20220523 03:10:30.556" endtime="20220523 03:10:30.582"/>
</kw>
<status status="PASS" starttime="20220523 03:10:30.556" endtime="20220523 03:10:30.582"/>
</branch>
<status status="PASS" starttime="20220523 03:10:30.556" endtime="20220523 03:10:30.582"/>
</if>
<kw name="Get From List" library="Collections">
<var>${titleFromList}</var>
<arg>${title}</arg>
<arg>0</arg>
<doc>Returns the value specified with an ``index`` from ``list``.</doc>
<msg timestamp="20220523 03:10:30.583" level="INFO">${titleFromList} = 101</msg>
<status status="PASS" starttime="20220523 03:10:30.582" endtime="20220523 03:10:30.583"/>
</kw>
<kw name="Should Be Equal" library="BuiltIn">
<arg>${titleFromList}</arg>
<arg>${value}</arg>
<doc>Fails if the given objects are unequal.</doc>
<status status="PASS" starttime="20220523 03:10:30.583" endtime="20220523 03:10:30.583"/>
</kw>
<status status="PASS" starttime="20220523 03:10:30.551" endtime="20220523 03:10:30.583"/>
</kw>
<doc>Performs POST Request on EndPoint /posts and validates the data received</doc>
<tag>API</tag>
<tag>Critical</tag>
<tag>Smoke</tag>
<status status="PASS" starttime="20220523 03:10:29.973" endtime="20220523 03:10:30.584"/>
</test>
<test id="s1-t6" name="Send PUT Request To Posts EndPoint" line="46">
<kw name="Create Dictionary" library="BuiltIn">
<var>&amp;{body}</var>
<arg>id=1</arg>
<arg>title=foo</arg>
<arg>body=bar</arg>
<arg>userId=1</arg>
<doc>Creates and returns a dictionary based on the given ``items``.</doc>
<msg timestamp="20220523 03:10:30.589" level="INFO">&amp;{body} = { id=1 | title=foo | body=bar | userId=1 }</msg>
<status status="PASS" starttime="20220523 03:10:30.589" endtime="20220523 03:10:30.589"/>
</kw>
<kw name="Create Dictionary" library="BuiltIn">
<var>&amp;{header}</var>
<arg>Cache-Control=no-cache</arg>
<doc>Creates and returns a dictionary based on the given ``items``.</doc>
<msg timestamp="20220523 03:10:30.591" level="INFO">&amp;{header} = { Cache-Control=no-cache }</msg>
<status status="PASS" starttime="20220523 03:10:30.590" endtime="20220523 03:10:30.591"/>
</kw>
<kw name="Create List" library="BuiltIn">
<var>@{path}</var>
<arg>1</arg>
<doc>Returns a list containing given items.</doc>
<msg timestamp="20220523 03:10:30.592" level="INFO">@{path} = [ 1 ]</msg>
<status status="PASS" starttime="20220523 03:10:30.592" endtime="20220523 03:10:30.592"/>
</kw>
<kw name="Do a PUT" library="posts">
<var>${response}</var>
<arg>/posts</arg>
<arg>${body}</arg>
<arg>${header}</arg>
<arg>${path}</arg>
<doc>Performs PUT Request on given EndPoint</doc>
<if>
<branch type="IF" condition="${path} == None">
<kw name="PUT On Session" library="RequestsLibrary">
<var>${response}</var>
<arg>mysession</arg>
<arg>${uri}</arg>
<arg>data=${body}</arg>
<arg>headers=${header}</arg>
<doc>Sends a PUT request on a previously created HTTP Session.</doc>
<status status="NOT RUN" starttime="20220523 03:10:30.594" endtime="20220523 03:10:30.594"/>
</kw>
<status status="NOT RUN" starttime="20220523 03:10:30.594" endtime="20220523 03:10:30.594"/>
</branch>
<branch type="ELSE">
<kw name="Evaluate" library="BuiltIn">
<var>${path}</var>
<arg>"/".join(${path})</arg>
<doc>Evaluates the given expression in Python and returns the result.</doc>
<msg timestamp="20220523 03:10:30.595" level="INFO">${path} = 1</msg>
<status status="PASS" starttime="20220523 03:10:30.594" endtime="20220523 03:10:30.595"/>
</kw>
<kw name="PUT On Session" library="RequestsLibrary">
<var>${response}</var>
<arg>mysession</arg>
<arg>${uri}/${path}</arg>
<arg>data=${body}</arg>
<arg>headers=${header}</arg>
<doc>Sends a PUT request on a previously created HTTP Session.</doc>
<msg timestamp="20220523 03:10:31.066" level="INFO">PUT Request : url=https://jsonplaceholder.typicode.com/posts/1 
 path_url=/posts/1 
 headers={'User-Agent': 'python-requests/2.27.1', 'Accept-Encoding': 'gzip, deflate', 'Accept': '*/*', 'Connection': 'keep-alive', 'Cache-Control': 'no-cache', 'Content-Length': '32', 'Content-Type': 'application/x-www-form-urlencoded'} 
 body=id=1&amp;title=foo&amp;body=bar&amp;userId=1 
 </msg>
<msg timestamp="20220523 03:10:31.066" level="INFO">PUT Response : url=https://jsonplaceholder.typicode.com/posts/1 
 status=200, reason=OK 
 headers={'Date': 'Sun, 22 May 2022 21:40:31 GMT', 'Content-Type': 'application/json; charset=utf-8', 'Transfer-Encoding': 'chunked', 'Connection': 'keep-alive', 'X-Powered-By': 'Express', 'X-Ratelimit-Limit': '1000', 'X-Ratelimit-Remaining': '998', 'X-Ratelimit-Reset': '1653255674', 'Vary': 'Origin, Accept-Encoding', 'Access-Control-Allow-Credentials': 'true', 'Cache-Control': 'no-cache', 'Pragma': 'no-cache', 'Expires': '-1', 'X-Content-Type-Options': 'nosniff', 'Etag': 'W/"41-SO/pA/7ZlssX8Q/4z2ovmnbZRgY"', 'Via': '1.1 vegur', 'CF-Cache-Status': 'DYNAMIC', 'Expect-CT': 'max-age=604800, report-uri="https://report-uri.cloudflare.com/cdn-cgi/beacon/expect-ct"', 'Report-To': '{"endpoints":[{"url":"https:\\/\\/a.nel.cloudflare.com\\/report\\/v3?s=TRaLC0f%2FekNQtbbj6OLxH7jaQYGsUH0MA%2FeJfBinE6h3F%2BC8HEqABeLkSMI3OKWDmtLgEzuRM1%2Bl7xY2J6kNllZWeMC5CRXzOeaU8piXjigHNDbrRNifRF%2BBsqHw3G3dZQpAmxn7HeF9GzVNq%2FmNQ1G2vrhEFKcAv5CD"}],"group":"cf-nel","max_age":604800}', 'NEL': '{"success_fraction":0,"report_to":"cf-nel","max_age":604800}', 'Server': 'cloudflare', 'CF-RAY': '70f8b5ebaa529380-MAA', 'Content-Encoding': 'gzip', 'alt-svc': 'h3=":443"; ma=86400, h3-29=":443"; ma=86400'} 
 body={
  "id": 1,
  "title": "foo",
  "body": "bar",
  "userId": "1"
} 
 </msg>
<msg timestamp="20220523 03:10:31.066" level="INFO">${response} = &lt;Response [200]&gt;</msg>
<status status="PASS" starttime="20220523 03:10:30.595" endtime="20220523 03:10:31.066"/>
</kw>
<status status="PASS" starttime="20220523 03:10:30.594" endtime="20220523 03:10:31.066"/>
</branch>
<status status="PASS" starttime="20220523 03:10:30.593" endtime="20220523 03:10:31.066"/>
</if>
<kw name="Status Should Be" library="RequestsLibrary">
<arg>200</arg>
<arg>${response}</arg>
<doc>Fails if response status code is different than the expected.</doc>
<status status="PASS" starttime="20220523 03:10:31.066" endtime="20220523 03:10:31.081"/>
</kw>
<msg timestamp="20220523 03:10:31.081" level="INFO">${response} = &lt;Response [200]&gt;</msg>
<status status="PASS" starttime="20220523 03:10:30.593" endtime="20220523 03:10:31.081"/>
</kw>
<kw name="Validate Response" library="posts">
<arg>${response}</arg>
<arg>1</arg>
<arg>userId</arg>
<doc>Validate the success response returned from the request</doc>
<kw name="Evaluate" library="BuiltIn">
<var>${is list}</var>
<arg>isinstance(${response.json()}, list)</arg>
<doc>Evaluates the given expression in Python and returns the result.</doc>
<msg timestamp="20220523 03:10:31.084" level="INFO">${is list} = False</msg>
<status status="PASS" starttime="20220523 03:10:31.081" endtime="20220523 03:10:31.084"/>
</kw>
<if>
<branch type="IF" condition="${is list}">
<kw name="Get Value From Json" library="JSONLibrary">
<var>${title}</var>
<arg>${response.json()}[0]</arg>
<arg>${key}</arg>
<doc>Get Value From JSON using JSONPath</doc>
<status status="NOT RUN" starttime="20220523 03:10:31.084" endtime="20220523 03:10:31.084"/>
</kw>
<status status="NOT RUN" starttime="20220523 03:10:31.084" endtime="20220523 03:10:31.084"/>
</branch>
<branch type="ELSE">
<kw name="Get Value From Json" library="JSONLibrary">
<var>${title}</var>
<arg>${response.json()}</arg>
<arg>${key}</arg>
<doc>Get Value From JSON using JSONPath</doc>
<msg timestamp="20220523 03:10:31.108" level="INFO">${title} = ['1']</msg>
<status status="PASS" starttime="20220523 03:10:31.084" endtime="20220523 03:10:31.108"/>
</kw>
<status status="PASS" starttime="20220523 03:10:31.084" endtime="20220523 03:10:31.108"/>
</branch>
<status status="PASS" starttime="20220523 03:10:31.084" endtime="20220523 03:10:31.108"/>
</if>
<kw name="Get From List" library="Collections">
<var>${titleFromList}</var>
<arg>${title}</arg>
<arg>0</arg>
<doc>Returns the value specified with an ``index`` from ``list``.</doc>
<msg timestamp="20220523 03:10:31.108" level="INFO">${titleFromList} = 1</msg>
<status status="PASS" starttime="20220523 03:10:31.108" endtime="20220523 03:10:31.109"/>
</kw>
<kw name="Should Be Equal" library="BuiltIn">
<arg>${titleFromList}</arg>
<arg>${value}</arg>
<doc>Fails if the given objects are unequal.</doc>
<status status="PASS" starttime="20220523 03:10:31.109" endtime="20220523 03:10:31.109"/>
</kw>
<status status="PASS" starttime="20220523 03:10:31.081" endtime="20220523 03:10:31.109"/>
</kw>
<doc>Performs PUT Request on EndPoint /posts and validates the data received</doc>
<tag>API</tag>
<tag>Critical</tag>
<tag>Smoke</tag>
<status status="PASS" starttime="20220523 03:10:30.588" endtime="20220523 03:10:31.110"/>
</test>
<test id="s1-t7" name="Send PATCH Request To Posts EndPoint" line="55">
<kw name="Create Dictionary" library="BuiltIn">
<var>&amp;{body}</var>
<arg>title=DUMMY</arg>
<doc>Creates and returns a dictionary based on the given ``items``.</doc>
<msg timestamp="20220523 03:10:31.114" level="INFO">&amp;{body} = { title=DUMMY }</msg>
<status status="PASS" starttime="20220523 03:10:31.114" endtime="20220523 03:10:31.114"/>
</kw>
<kw name="Create Dictionary" library="BuiltIn">
<var>&amp;{header}</var>
<arg>Cache-Control=no-cache</arg>
<doc>Creates and returns a dictionary based on the given ``items``.</doc>
<msg timestamp="20220523 03:10:31.115" level="INFO">&amp;{header} = { Cache-Control=no-cache }</msg>
<status status="PASS" starttime="20220523 03:10:31.115" endtime="20220523 03:10:31.115"/>
</kw>
<kw name="Create List" library="BuiltIn">
<var>@{path}</var>
<arg>1</arg>
<doc>Returns a list containing given items.</doc>
<msg timestamp="20220523 03:10:31.116" level="INFO">@{path} = [ 1 ]</msg>
<status status="PASS" starttime="20220523 03:10:31.116" endtime="20220523 03:10:31.116"/>
</kw>
<kw name="Do a PATCH" library="posts">
<var>${response}</var>
<arg>/posts</arg>
<arg>${body}</arg>
<arg>${header}</arg>
<arg>${path}</arg>
<doc>Performs PATCH Request on given EndPoint</doc>
<if>
<branch type="IF" condition="${path} == None">
<kw name="PATCH On Session" library="RequestsLibrary">
<var>${response}</var>
<arg>mysession</arg>
<arg>${uri}</arg>
<arg>data=${body}</arg>
<arg>headers=${header}</arg>
<doc>Sends a PATCH request on a previously created HTTP Session.</doc>
<status status="NOT RUN" starttime="20220523 03:10:31.118" endtime="20220523 03:10:31.118"/>
</kw>
<status status="NOT RUN" starttime="20220523 03:10:31.118" endtime="20220523 03:10:31.118"/>
</branch>
<branch type="ELSE">
<kw name="Evaluate" library="BuiltIn">
<var>${path}</var>
<arg>"/".join(${path})</arg>
<doc>Evaluates the given expression in Python and returns the result.</doc>
<msg timestamp="20220523 03:10:31.118" level="INFO">${path} = 1</msg>
<status status="PASS" starttime="20220523 03:10:31.118" endtime="20220523 03:10:31.118"/>
</kw>
<kw name="PATCH On Session" library="RequestsLibrary">
<var>${response}</var>
<arg>mysession</arg>
<arg>${uri}/${path}</arg>
<arg>data=${body}</arg>
<arg>headers=${header}</arg>
<doc>Sends a PATCH request on a previously created HTTP Session.</doc>
<msg timestamp="20220523 03:10:31.599" level="INFO">PATCH Request : url=https://jsonplaceholder.typicode.com/posts/1 
 path_url=/posts/1 
 headers={'User-Agent': 'python-requests/2.27.1', 'Accept-Encoding': 'gzip, deflate', 'Accept': '*/*', 'Connection': 'keep-alive', 'Cache-Control': 'no-cache', 'Content-Length': '11', 'Content-Type': 'application/x-www-form-urlencoded'} 
 body=title=DUMMY 
 </msg>
<msg timestamp="20220523 03:10:31.599" level="INFO">PATCH Response : url=https://jsonplaceholder.typicode.com/posts/1 
 status=200, reason=OK 
 headers={'Date': 'Sun, 22 May 2022 21:40:31 GMT', 'Content-Type': 'application/json; charset=utf-8', 'Transfer-Encoding': 'chunked', 'Connection': 'keep-alive', 'X-Powered-By': 'Express', 'X-Ratelimit-Limit': '1000', 'X-Ratelimit-Remaining': '997', 'X-Ratelimit-Reset': '1653255674', 'Vary': 'Origin, Accept-Encoding', 'Access-Control-Allow-Credentials': 'true', 'Cache-Control': 'no-cache', 'Pragma': 'no-cache', 'Expires': '-1', 'X-Content-Type-Options': 'nosniff', 'Etag': 'W/"df-TtzVUIEjU69lHRBgq0lX9NejLo0"', 'Via': '1.1 vegur', 'CF-Cache-Status': 'DYNAMIC', 'Expect-CT': 'max-age=604800, report-uri="https://report-uri.cloudflare.com/cdn-cgi/beacon/expect-ct"', 'Report-To': '{"endpoints":[{"url":"https:\\/\\/a.nel.cloudflare.com\\/report\\/v3?s=ykm1uFJc9ORUoQQt0utYn6lxUUUwqumEbPNNNKs9nHsgolqXCVT0YRITpfZ6F7zbkmuKmOgnAq3d12gxUdcYbgCLX2cKP2MrmA5x%2Bx6yFJfkt1ShA9%2FyHnHbhi3%2Fqap3jALxOm0X2BwsWjP8ERyRQaOdtYjPH978MZ0w"}],"group":"cf-nel","max_age":604800}', 'NEL': '{"success_fraction":0,"report_to":"cf-nel","max_age":604800}', 'Server': 'cloudflare', 'CF-RAY': '70f8b5eeedba9380-MAA', 'Content-Encoding': 'gzip', 'alt-svc': 'h3=":443"; ma=86400, h3-29=":443"; ma=86400'} 
 body={
  "userId": 1,
  "id": 1,
  "title": "DUMMY",
  "body": "quia et suscipit\nsuscipit recusandae consequuntur expedita et cum\nreprehenderit molestiae ut ut quas totam\nnostrum rerum est autem sunt rem eveniet architecto"
} 
 </msg>
<msg timestamp="20220523 03:10:31.599" level="INFO">${response} = &lt;Response [200]&gt;</msg>
<status status="PASS" starttime="20220523 03:10:31.118" endtime="20220523 03:10:31.599"/>
</kw>
<status status="PASS" starttime="20220523 03:10:31.118" endtime="20220523 03:10:31.599"/>
</branch>
<status status="PASS" starttime="20220523 03:10:31.118" endtime="20220523 03:10:31.599"/>
</if>
<kw name="Status Should Be" library="RequestsLibrary">
<arg>200</arg>
<arg>${response}</arg>
<doc>Fails if response status code is different than the expected.</doc>
<status status="PASS" starttime="20220523 03:10:31.599" endtime="20220523 03:10:31.599"/>
</kw>
<msg timestamp="20220523 03:10:31.599" level="INFO">${response} = &lt;Response [200]&gt;</msg>
<status status="PASS" starttime="20220523 03:10:31.117" endtime="20220523 03:10:31.599"/>
</kw>
<kw name="Validate Response" library="posts">
<arg>${response}</arg>
<arg>DUMMY</arg>
<arg>title</arg>
<doc>Validate the success response returned from the request</doc>
<kw name="Evaluate" library="BuiltIn">
<var>${is list}</var>
<arg>isinstance(${response.json()}, list)</arg>
<doc>Evaluates the given expression in Python and returns the result.</doc>
<msg timestamp="20220523 03:10:31.605" level="INFO">${is list} = False</msg>
<status status="PASS" starttime="20220523 03:10:31.599" endtime="20220523 03:10:31.605"/>
</kw>
<if>
<branch type="IF" condition="${is list}">
<kw name="Get Value From Json" library="JSONLibrary">
<var>${title}</var>
<arg>${response.json()}[0]</arg>
<arg>${key}</arg>
<doc>Get Value From JSON using JSONPath</doc>
<status status="NOT RUN" starttime="20220523 03:10:31.605" endtime="20220523 03:10:31.605"/>
</kw>
<status status="NOT RUN" starttime="20220523 03:10:31.605" endtime="20220523 03:10:31.605"/>
</branch>
<branch type="ELSE">
<kw name="Get Value From Json" library="JSONLibrary">
<var>${title}</var>
<arg>${response.json()}</arg>
<arg>${key}</arg>
<doc>Get Value From JSON using JSONPath</doc>
<msg timestamp="20220523 03:10:31.630" level="INFO">${title} = ['DUMMY']</msg>
<status status="PASS" starttime="20220523 03:10:31.606" endtime="20220523 03:10:31.630"/>
</kw>
<status status="PASS" starttime="20220523 03:10:31.605" endtime="20220523 03:10:31.630"/>
</branch>
<status status="PASS" starttime="20220523 03:10:31.605" endtime="20220523 03:10:31.631"/>
</if>
<kw name="Get From List" library="Collections">
<var>${titleFromList}</var>
<arg>${title}</arg>
<arg>0</arg>
<doc>Returns the value specified with an ``index`` from ``list``.</doc>
<msg timestamp="20220523 03:10:31.631" level="INFO">${titleFromList} = DUMMY</msg>
<status status="PASS" starttime="20220523 03:10:31.631" endtime="20220523 03:10:31.631"/>
</kw>
<kw name="Should Be Equal" library="BuiltIn">
<arg>${titleFromList}</arg>
<arg>${value}</arg>
<doc>Fails if the given objects are unequal.</doc>
<status status="PASS" starttime="20220523 03:10:31.631" endtime="20220523 03:10:31.631"/>
</kw>
<status status="PASS" starttime="20220523 03:10:31.599" endtime="20220523 03:10:31.631"/>
</kw>
<doc>Performs PATCH Request on EndPoint /posts and validates the data received</doc>
<tag>API</tag>
<tag>Critical</tag>
<tag>Smoke</tag>
<status status="PASS" starttime="20220523 03:10:31.113" endtime="20220523 03:10:31.633"/>
</test>
<test id="s1-t8" name="Send DELETE Request To Posts EndPoint" line="64">
<kw name="Create List" library="BuiltIn">
<var>@{path}</var>
<arg>1</arg>
<doc>Returns a list containing given items.</doc>
<msg timestamp="20220523 03:10:31.637" level="INFO">@{path} = [ 1 ]</msg>
<status status="PASS" starttime="20220523 03:10:31.637" endtime="20220523 03:10:31.637"/>
</kw>
<kw name="Do a DELETE" library="posts">
<var>${response}</var>
<arg>/posts</arg>
<arg>${path}</arg>
<doc>Performs DELETE Request on given EndPoint</doc>
<if>
<branch type="IF" condition="${path} == None">
<kw name="DELETE On Session" library="RequestsLibrary">
<var>${response}</var>
<arg>mysession</arg>
<arg>${uri}</arg>
<doc>Sends a DELETE request on a previously created HTTP Session.</doc>
<status status="NOT RUN" starttime="20220523 03:10:31.639" endtime="20220523 03:10:31.639"/>
</kw>
<status status="NOT RUN" starttime="20220523 03:10:31.639" endtime="20220523 03:10:31.639"/>
</branch>
<branch type="ELSE">
<kw name="Evaluate" library="BuiltIn">
<var>${path}</var>
<arg>"/".join(${path})</arg>
<doc>Evaluates the given expression in Python and returns the result.</doc>
<msg timestamp="20220523 03:10:31.640" level="INFO">${path} = 1</msg>
<status status="PASS" starttime="20220523 03:10:31.640" endtime="20220523 03:10:31.641"/>
</kw>
<kw name="DELETE On Session" library="RequestsLibrary">
<var>${response}</var>
<arg>mysession</arg>
<arg>${uri}/${path}</arg>
<doc>Sends a DELETE request on a previously created HTTP Session.</doc>
<msg timestamp="20220523 03:10:32.143" level="INFO">DELETE Request : url=https://jsonplaceholder.typicode.com/posts/1 
 path_url=/posts/1 
 headers={'User-Agent': 'python-requests/2.27.1', 'Accept-Encoding': 'gzip, deflate', 'Accept': '*/*', 'Connection': 'keep-alive', 'Content-Length': '0'} 
 body=None 
 </msg>
<msg timestamp="20220523 03:10:32.143" level="INFO">DELETE Response : url=https://jsonplaceholder.typicode.com/posts/1 
 status=200, reason=OK 
 headers={'Date': 'Sun, 22 May 2022 21:40:32 GMT', 'Content-Type': 'application/json; charset=utf-8', 'Content-Length': '2', 'Connection': 'keep-alive', 'X-Powered-By': 'Express', 'X-Ratelimit-Limit': '1000', 'X-Ratelimit-Remaining': '996', 'X-Ratelimit-Reset': '1653255674', 'Vary': 'Origin, Accept-Encoding', 'Access-Control-Allow-Credentials': 'true', 'Cache-Control': 'no-cache', 'Pragma': 'no-cache', 'Expires': '-1', 'X-Content-Type-Options': 'nosniff', 'Etag': 'W/"2-vyGp6PvFo4RvsFtPoIWeCReyIC8"', 'Via': '1.1 vegur', 'CF-Cache-Status': 'DYNAMIC', 'Expect-CT': 'max-age=604800, report-uri="https://report-uri.cloudflare.com/cdn-cgi/beacon/expect-ct"', 'Report-To': '{"endpoints":[{"url":"https:\\/\\/a.nel.cloudflare.com\\/report\\/v3?s=WxJobpcHzThL69ia1fFSq0O74g3smlDaQhZDHfBm6fkHJf7tL2FG1As796H0seWiWPB3Aw%2BpUMfnyOIkypfVEaeADvKDXvx%2BDUU7ZQHLrPxttHN8Y2Us3CfjJ2HCHyx2TCksfS4BIPrj8adyZx%2F8MWTyyZEdr7LTTKPn"}],"group":"cf-nel","max_age":604800}', 'NEL': '{"success_fraction":0,"report_to":"cf-nel","max_age":604800}', 'Server': 'cloudflare', 'CF-RAY': '70f8b5f239159380-MAA', 'alt-svc': 'h3=":443"; ma=86400, h3-29=":443"; ma=86400'} 
 body={} 
 </msg>
<msg timestamp="20220523 03:10:32.144" level="INFO">${response} = &lt;Response [200]&gt;</msg>
<status status="PASS" starttime="20220523 03:10:31.641" endtime="20220523 03:10:32.144"/>
</kw>
<status status="PASS" starttime="20220523 03:10:31.639" endtime="20220523 03:10:32.144"/>
</branch>
<status status="PASS" starttime="20220523 03:10:31.639" endtime="20220523 03:10:32.144"/>
</if>
<kw name="Status Should Be" library="RequestsLibrary">
<arg>200</arg>
<arg>${response}</arg>
<doc>Fails if response status code is different than the expected.</doc>
<status status="PASS" starttime="20220523 03:10:32.144" endtime="20220523 03:10:32.144"/>
</kw>
<msg timestamp="20220523 03:10:32.145" level="INFO">${response} = {}</msg>
<status status="PASS" starttime="20220523 03:10:31.638" endtime="20220523 03:10:32.145"/>
</kw>
<kw name="Run Keyword If" library="BuiltIn">
<arg>${response} != &amp;{EMPTY}</arg>
<arg>Fail</arg>
<arg>Response is not empty</arg>
<doc>Runs the given keyword with the given arguments, if ``condition`` is true.</doc>
<status status="PASS" starttime="20220523 03:10:32.146" endtime="20220523 03:10:32.147"/>
</kw>
<doc>Performs DELETE Request on EndPoint /posts and validates the data received</doc>
<tag>API</tag>
<tag>Critical</tag>
<tag>Smoke</tag>
<status status="PASS" starttime="20220523 03:10:31.635" endtime="20220523 03:10:32.147"/>
</test>
<doc>This Test Suite contains all the test cases being executed on Sauce Demo Site</doc>
<status status="PASS" starttime="20220523 03:10:28.717" endtime="20220523 03:10:32.150"/>
</suite>
<statistics>
<total>
<stat pass="8" fail="0" skip="0">All Tests</stat>
</total>
<tag>
<stat pass="8" fail="0" skip="0">API</stat>
<stat pass="8" fail="0" skip="0">Critical</stat>
<stat pass="8" fail="0" skip="0">Smoke</stat>
</tag>
<suite>
<stat pass="8" fail="0" skip="0" id="s1" name="JSON API Placeholder">JSON API Placeholder</stat>
</suite>
</statistics>
<errors>
</errors>
</robot>
